Arguments: 
  /usr/local/bin/node /usr/local/Cellar/yarn/1.7.0/libexec/bin/yarn.js start

PATH: 
  /usr/local/bin:/usr/bin:/bin:/usr/sbin:/sbin

Yarn version: 
  1.7.0

Node version: 
  9.11.1

Platform: 
  darwin x64

Trace: 
  SyntaxError: /Users/kat/ReindeerGames2/package.json: Unexpected string in JSON at position 613
      at JSON.parse (<anonymous>)
      at /usr/local/Cellar/yarn/1.7.0/libexec/lib/cli.js:1130:59
      at Generator.next (<anonymous>)
      at step (/usr/local/Cellar/yarn/1.7.0/libexec/lib/cli.js:98:30)
      at /usr/local/Cellar/yarn/1.7.0/libexec/lib/cli.js:109:13
      at <anonymous>

npm manifest: 
  {
    "name": "reindeer",
    "version": "0.1.0",
    "private": true,
    "dependencies": {
      "axios": "^0.18.0",
      "body-parser": "^1.18.3",
      "express": "^4.16.3",
      "firebase": "^5.2.0",
      "if-env": "^1.0.4",
      "jslib-html5-camera-photo": "^2.0.0-beta.0",
      "mongojs": "^2.6.0",
      "mongoose": "^5.2.0",
      "nodemon": "^1.17.5",
      "prop-types": "^15.6.2",
      "react": "^16.4.1",
      "react-camera": "^0.1.3",
      "react-countdowntimer": "^0.1.8",
      "react-dom": "^16.4.1",
      "react-dom-camera": "^0.3.2",
      "react-router-dom": "^4.3.1",
      "react-scripts": "1.1.4",
      "yarn": "^1.7.0"
      "react-webcam": "^1.0.1"
    },
    "scripts": {
      "start": "react-scripts start",
      "build": "react-scripts build",
      "test": "react-scripts test --env=jsdom",
      "eject": "react-scripts eject"
    }
  }

yarn manifest: 
  No manifest

Lockfile: 
  No lockfile
